[0m05:39:31.369078 [debug] [MainThread]: Sending event: {'category': 'dbt', 'action': 'invocation', 'label': 'start', 'context': [<snowplow_tracker.self_describing_json.SelfDescribingJson object at 0x000001A179CCA270>, <snowplow_tracker.self_describing_json.SelfDescribingJson object at 0x000001A177C3D1D0>, <snowplow_tracker.self_describing_json.SelfDescribingJson object at 0x000001A17A9C5090>]}


============================== 05:39:31.374342 | e4b5059b-6821-4eff-937c-5fe240d3d084 ==============================
[0m05:39:31.374342 [info ] [MainThread]: Running with dbt=1.11.8
[0m05:39:31.374841 [debug] [MainThread]: running dbt with arguments {'static_parser': 'True', 'no_print': 'None', 'version_check': 'True', 'target_path': 'None', 'warn_error_options': 'WarnErrorOptionsV2(error=[], warn=[], silence=[])', 'printer_width': '80', 'write_json': 'True', 'empty': 'None', 'log_cache_events': 'False', 'introspect': 'True', 'cache_selected_only': 'False', 'log_format': 'default', 'debug': 'False', 'fail_fast': 'False', 'partial_parse': 'True', 'send_anonymous_usage_stats': 'True', 'quiet': 'False', 'warn_error': 'None', 'profiles_dir': 'C:\\Users\\jarof\\.dbt', 'use_colors': 'True', 'indirect_selection': 'eager', 'invocation_command': 'dbt init dbt_nba', 'use_experimental_parser': 'False', 'log_path': 'logs'}
[0m05:39:31.390579 [info ] [MainThread]: Creating dbt configuration folder at C:\Users\jarof\.dbt
[0m05:39:31.392442 [debug] [MainThread]: Starter project path: C:\Users\jarof\AppData\Local\Programs\Python\Python313\Lib\site-packages\dbt\include\starter_project
[0m05:39:31.410787 [info ] [MainThread]: 
Your new dbt project "dbt_nba" was created!

For more information on how to configure the profiles.yml file,
please consult the dbt documentation here:

  https://docs.getdbt.com/docs/configure-your-profile

One more thing:

Need help? Don't hesitate to reach out to us via GitHub issues or on Slack:

  https://community.getdbt.com/

Happy modeling!

[0m05:39:31.411273 [info ] [MainThread]: Setting up your profile.
[0m05:39:43.688571 [info ] [MainThread]: Profile dbt_nba written to C:\Users\jarof\.dbt\profiles.yml using target's sample configuration. Once updated, you'll be able to start developing with dbt.
[0m05:39:43.690424 [debug] [MainThread]: Command `dbt init` succeeded at 05:39:43.690177 after 12.46 seconds
[0m05:39:43.690979 [debug] [MainThread]: Sending event: {'category': 'dbt', 'action': 'invocation', 'label': 'end', 'context': [<snowplow_tracker.self_describing_json.SelfDescribingJson object at 0x000001A17C16E780>, <snowplow_tracker.self_describing_json.SelfDescribingJson object at 0x000001A17C21B770>, <snowplow_tracker.self_describing_json.SelfDescribingJson object at 0x000001A17C1A16A0>]}
[0m05:39:43.691605 [debug] [MainThread]: Flushing usage events
[0m05:39:44.603013 [debug] [MainThread]: An error was encountered while trying to flush usage events
